DEB [20160122-19:47:40.522] thr=1   paramiko.transport: starting thread (client mode): 0x15c52090L
DEB [20160122-19:47:40.523] thr=1   paramiko.transport: Local version/idstring: SSH-2.0-paramiko_1.16.0
DEB [20160122-19:47:40.531] thr=1   paramiko.transport: Remote version/idstring: SSH-2.0-OpenSSH_7.1p1 Debian-5
INF [20160122-19:47:40.531] thr=1   paramiko.transport: Connected (version 2.0, client OpenSSH_7.1p1)
DEB [20160122-19:47:40.532] thr=1   paramiko.transport: kex algos:[u'curve25519-sha256@libssh.org', u'ecdh-sha2-nistp256', u'ecdh-sha2-nistp384', u'ecdh-sha2-nistp521', u'diffie-hellman-group-exchange-sha256', u'diffie-hellman-group14-sha1'] server key:[u'ssh-rsa', u'ecdsa-sha2-nistp256', u'ssh-ed25519'] client encrypt:[u'chacha20-poly1305@openssh.com', u'aes128-ctr', u'aes192-ctr', u'aes256-ctr', u'aes128-gcm@openssh.com', u'aes256-gcm@openssh.com'] server encrypt:[u'chacha20-poly1305@openssh.com', u'aes128-ctr', u'aes192-ctr', u'aes256-ctr', u'aes128-gcm@openssh.com', u'aes256-gcm@openssh.com'] client mac:[u'umac-64-etm@openssh.com', u'umac-128-etm@openssh.com', u'hmac-sha2-256-etm@openssh.com', u'hmac-sha2-512-etm@openssh.com', u'hmac-sha1-etm@openssh.com', u'umac-64@openssh.com', u'umac-128@openssh.com', u'hmac-sha2-256', u'hmac-sha2-512', u'hmac-sha1'] server mac:[u'umac-64-etm@openssh.com', u'umac-128-etm@openssh.com', u'hmac-sha2-256-etm@openssh.com', u'hmac-sha2-512-etm@openssh.com', u'hmac-sha1-etm@openssh.com', u'umac-64@openssh.com', u'umac-128@openssh.com', u'hmac-sha2-256', u'hmac-sha2-512', u'hmac-sha1'] client compress:[u'none', u'zlib@openssh.com'] server compress:[u'none', u'zlib@openssh.com'] client lang:[u''] server lang:[u''] kex follows?False
DEB [20160122-19:47:40.532] thr=1   paramiko.transport: Kex agreed: diffie-hellman-group14-sha1
DEB [20160122-19:47:40.532] thr=1   paramiko.transport: Cipher agreed: aes128-ctr
DEB [20160122-19:47:40.532] thr=1   paramiko.transport: MAC agreed: hmac-sha2-256
DEB [20160122-19:47:40.533] thr=1   paramiko.transport: Compression agreed: none
DEB [20160122-19:47:40.614] thr=1   paramiko.transport: kex engine KexGroup14 specified hash_algo <built-in function openssl_sha1>
DEB [20160122-19:47:40.615] thr=1   paramiko.transport: Switch to new keys ...
DEB [20160122-19:47:40.653] thr=1   paramiko.transport: userauth is OK
INF [20160122-19:47:40.673] thr=1   paramiko.transport: Authentication (password) successful!
DEB [20160122-19:47:40.693] thr=2   paramiko.transport: [chan 0] Max packet in: 32768 bytes
DEB [20160122-19:47:40.693] thr=1   paramiko.transport: Received global request "hostkeys-00@openssh.com"
DEB [20160122-19:47:40.694] thr=1   paramiko.transport: Rejecting "hostkeys-00@openssh.com" global request from server.
DEB [20160122-19:47:40.733] thr=1   paramiko.transport: [chan 0] Max packet out: 32768 bytes
DEB [20160122-19:47:40.733] thr=1   paramiko.transport: Secsh channel 0 opened.
DEB [20160122-19:47:40.758] thr=1   paramiko.transport: [chan 0] Sesch channel 0 request ok
DEB [20160122-19:47:40.760] thr=1   paramiko.transport: [chan 0] Sesch channel 0 request ok
DEB [20160122-19:47:45.000] thr=1   paramiko.transport: [chan 0] EOF received (0)
DEB [20160122-19:47:45.002] thr=1   paramiko.transport: [chan 0] EOF sent (0)
DEB [20160122-19:47:45.103] thr=1   paramiko.transport: EOF in transport thread
